............................
............................
............................
............................
......................X.....
................XXXXXXXXX...
.............XXXXXXXXXXXX...
.............XXXXXXXXXXXX...
.........X...XXXX...........
........XX..................
.......XXX..................
......XXX...................
......XX....................
.....XXX....................
.....XXX....................
.....XXXXXX.................
.....XXXXXXXXXXXXXX.........
.......XXXXXXXXXXXX.........
...........XXXXXXXXX........
............XXX.XXXX........
............XXXXXXXX........
............XXXXXXX.........
.............XXXXX..........
...............X............
............................
............................
............................
............................
value = 5
my res = 6

............................
............................
............................
............................
............................
..........XX................
..........XX...........XX...
...........X...........XX...
..........XX..........XXX...
..........XX..........XX....
..........XX..........XX....
.........XXX..........XX....
........XXX..........XXX....
........XXX..........XXX....
.......XXX...........XX.....
.......XXX...........XX.....
......XXX............XX.....
.....XXXXXXXXXXXXX...XX.....
.....XXXXXXXXXXXXXXXXX......
......XXXXXX.......XXX......
...................XXX......
............................
............................
............................
............................
............................
............................
............................
value = 4
my res = 6

............................
............................
............................
............................
..............XX............
............XXXXX...........
...........XXXXXX...........
.........XXX...XX...........
........XX.....XX...........
...............X............
...............X............
..............XX............
.............XX.............
.............XX.............
............XX..............
............XX..............
...........XX..........X....
...........XX........XXX....
..........XX......XXXX......
.........XX.....XXXX........
.........XX...XXXX..........
........XX.XXXXX............
........XXXXXX..............
........XXX.................
............................
............................
............................
............................
value = 2
my res = 3

............................
............................
............................
............X...............
...........XXXX.............
............XXXX............
.............XXXXX..........
...............XXXX.........
................XXX.........
.................XXX........
..................XX........
..................XX........
................XXXX........
.........XXXXX.XXXX.........
.........XXXXXXXX...........
............XXXXX...........
..............XXX...........
...............XX...........
...............XX...........
.......X.....XXXX...........
......XX....XXXXX...........
......XXXXXXXX..............
......XXXXXX................
............................
............................
............................
............................
............................
value = 3
my res = 2

............................
............................
.............X..............
............XX..............
...........XXX..............
..........XXX...............
..........X.................
.........XX.................
.........X.........XXX......
........XX.......XXXXX......
........XX......XXX.XX......
........X......XXX..XX......
.......XX......XX...XX......
.......XX.....XX....XX......
.......XX.....XX....XX......
.......X......XX...XX.......
.......XX.....X....XX.......
.......XX.....X...XX........
........XX....XX.XX.........
........XXX...XXXX..........
.........XXXXXXXXX..........
..........XXXXXXX...........
............................
............................
............................
............................
............................
............................
value = 6
my res = 4

............................
............................
............................
............................
............................
............................
................XXX.........
..............XX..X..XX.....
.............XX.....XX......
.............X......X.......
.............X.....XX.......
...........XX.....XX........
...........X.....XXX........
..........X.....XX..........
..........X...XXX...........
..........XXXXXXX...........
...........X..XXX...........
..............XX............
.............XX.............
............XX..............
............X...............
...........X................
..........XX................
.........XX.................
.........X..................
............................
............................
............................
value = 9
my res = 4

............................
............................
............................
............................
............................
............................
............XXXX............
..........XXXXXXX...........
..........XXXX.XXX..........
...........X...XXX..........
...............XXX..........
...............XXX..........
..............XXXX..........
..............XXX...........
.............XXXX...........
.............XXXX...........
.............XXX............
............XXXX............
............XXX.............
............XXX.............
...........XXX..............
...........XXX..............
...........XXX..............
...........XXX..............
...........XXX..............
............X...............
............................
............................
value = 7
my res = 1

............................
............................
............................
............................
............................
............................
.........XXX................
.........XXXXXXX............
.........XXXXXXXX...........
..........XXXXXXX...........
...............XX...........
................X...........
................X...........
................X...........
...............XX...........
.............XXXXXXXX.......
...........XXXXXXXXX........
..........XXXXXXXX..........
..........XX.XXX............
.............XXX............
.............XX.............
.............XX.............
.............X..............
.............X..............
.............X..............
.............X..............
............................
............................
value = 7
my res = 2

............................
............................
............................
............................
............................
............................
...............XXX..........
.............XXXXXX.........
............XX....X.........
...........XX.....XX........
...........X......XX........
..........XX......X.........
.........XX......XX.........
.........X.......XX.........
........XX......XX..........
........XX.....XXX..........
.........XXX.XXXX...........
..........XXXXXXX...........
...............XX...........
...............XX...........
..............XX............
..............XX............
..............XX............
.............XX.............
.............XXX............
.............XX.............
............................
............................
value = 9
my res = 4

